<?xml version="1.0" encoding="UTF-8"?>
<testng-results skipped="0" failed="1" total="1" passed="0">
    <reporter-output>
    </reporter-output>
    <suite name="Ranzhi Test Suite" duration-ms="20725" started-at="2017-03-11T08:28:44Z"
           finished-at="2017-03-11T08:29:05Z">
        <groups>
        </groups>
        <test name="Ranzhi tests" duration-ms="20725" started-at="2017-03-11T08:28:44Z"
              finished-at="2017-03-11T08:29:05Z">
            <class name="RanzhiAdvancedTests">
                <test-method status="PASS" signature="setUp()[pri:0, instance:RanzhiAdvancedTests@de0a01f]" name="setUp"
                             is-config="true" duration-ms="7129" started-at="2017-03-11T16:28:44Z"
                             finished-at="2017-03-11T16:28:51Z">
                    <reporter-output>
                    </reporter-output>
                </test-method> <!-- setUp -->
                <test-method status="FAIL" signature="testAddMember()[pri:0, instance:RanzhiAdvancedTests@de0a01f]"
                             name="testAddMember" duration-ms="12075" started-at="2017-03-11T16:28:51Z"
                             finished-at="2017-03-11T16:29:03Z">
                    <exception class="org.openqa.selenium.NoSuchElementException">
                        <message>
                            <![CDATA[Cannot locate option with index: 8
For documentation on this error, please visit: http://seleniumhq.org/exceptions/no_such_element.html
Build info: version: '2.53.1', revision: 'a36b8b1cd5757287168e54b817830adce9b0158d', time: '2016-06-30 19:26:09'
System info: host: 'LSLAPTOP', ip: '192.168.102.1', os.name: 'Windows 10', os.arch: 'amd64', os.version: '10.0', java.version: '1.8.0_66'
Driver info: driver.version: BoxDriver]]>
                        </message>
                        <full-stacktrace>
                            <![CDATA[org.openqa.selenium.NoSuchElementException: Cannot locate option with index: 8
For documentation on this error, please visit: http://seleniumhq.org/exceptions/no_such_element.html
Build info: version: '2.53.1', revision: 'a36b8b1cd5757287168e54b817830adce9b0158d', time: '2016-06-30 19:26:09'
System info: host: 'LSLAPTOP', ip: '192.168.102.1', os.name: 'Windows 10', os.arch: 'amd64', os.version: '10.0', java.version: '1.8.0_66'
Driver info: driver.version: BoxDriver
	at org.openqa.selenium.support.ui.Select.selectByIndex(Select.java:182)
	at BoxDriver.selectByIndex(BoxDriver.java:204)
	at RanzhiCommon.addMemberData(RanzhiCommon.java:168)
	at RanzhiAdvancedTests.testAddMember(RanzhiAdvancedTests.java:111)
	at sun.reflect.NativeMethodAccessorImpl.invoke0(Native Method)
	at sun.reflect.NativeMethodAccessorImpl.invoke(NativeMethodAccessorImpl.java:62)
	at sun.reflect.DelegatingMethodAccessorImpl.invoke(DelegatingMethodAccessorImpl.java:43)
	at java.lang.reflect.Method.invoke(Method.java:497)
	at org.testng.internal.MethodInvocationHelper.invokeMethod(MethodInvocationHelper.java:80)
	at org.testng.internal.Invoker.invokeMethod(Invoker.java:714)
	at org.testng.internal.Invoker.invokeTestMethod(Invoker.java:901)
	at org.testng.internal.Invoker.invokeTestMethods(Invoker.java:1231)
	at org.testng.internal.TestMethodWorker.invokeTestMethods(TestMethodWorker.java:127)
	at org.testng.internal.TestMethodWorker.run(TestMethodWorker.java:111)
	at org.testng.TestRunner.privateRun(TestRunner.java:767)
	at org.testng.TestRunner.run(TestRunner.java:617)
	at org.testng.SuiteRunner.runTest(SuiteRunner.java:334)
	at org.testng.SuiteRunner.runSequentially(SuiteRunner.java:329)
	at org.testng.SuiteRunner.privateRun(SuiteRunner.java:291)
	at org.testng.SuiteRunner.run(SuiteRunner.java:240)
	at org.testng.SuiteRunnerWorker.runSuite(SuiteRunnerWorker.java:52)
	at org.testng.SuiteRunnerWorker.run(SuiteRunnerWorker.java:86)
	at org.testng.TestNG.runSuitesSequentially(TestNG.java:1198)
	at org.testng.TestNG.runSuitesLocally(TestNG.java:1123)
	at org.testng.TestNG.run(TestNG.java:1031)
	at Main.main(Main.java:15)
	at sun.reflect.NativeMethodAccessorImpl.invoke0(Native Method)
	at sun.reflect.NativeMethodAccessorImpl.invoke(NativeMethodAccessorImpl.java:62)
	at sun.reflect.DelegatingMethodAccessorImpl.invoke(DelegatingMethodAccessorImpl.java:43)
	at java.lang.reflect.Method.invoke(Method.java:497)
	at com.intellij.rt.execution.application.AppMain.main(AppMain.java:147)
]]>
                        </full-stacktrace>
                    </exception> <!-- org.openqa.selenium.NoSuchElementException -->
                    <reporter-output>
                    </reporter-output>
                </test-method> <!-- testAddMember -->
                <test-method status="PASS" signature="tearDown()[pri:0, instance:RanzhiAdvancedTests@de0a01f]"
                             name="tearDown" is-config="true" duration-ms="1512" started-at="2017-03-11T16:29:03Z"
                             finished-at="2017-03-11T16:29:05Z">
                    <reporter-output>
                    </reporter-output>
                </test-method> <!-- tearDown -->
            </class> <!-- RanzhiAdvancedTests -->
        </test> <!-- Ranzhi tests -->
    </suite> <!-- Ranzhi Test Suite -->
</testng-results>
